<?xml version="1.0" encoding="UTF-8"?>
<testng-results ignored="0" total="1" passed="1" failed="0" skipped="0">
  <reporter-output>
  </reporter-output>
  <suite started-at="2024-08-16T21:08:11 IST" name="Suite" finished-at="2024-08-16T21:09:03 IST" duration-ms="51981">
    <groups>
    </groups>
    <test started-at="2024-08-16T21:08:11 IST" name="Test" finished-at="2024-08-16T21:09:03 IST" duration-ms="51981">
      <class name="maventest.demo.TestMvn">
        <test-method signature="sampleTest()[pri:0, instance:maventest.demo.TestMvn@75f32542]" started-at="2024-08-16T21:08:12 IST" name="sampleTest" finished-at="2024-08-16T21:09:03 IST" duration-ms="51738" status="PASS">
          <reporter-output>
          </reporter-output>
        </test-method> <!-- sampleTest -->
      </class> <!-- maventest.demo.TestMvn -->
    </test> <!-- Test -->
  </suite> <!-- Suite -->
</testng-results>
