<?xml version="1.0" encoding="UTF-8"?>
<testng-results ignored="0" total="1" passed="1" failed="0" skipped="0">
  <reporter-output>
  </reporter-output>
  <suite started-at="2025-10-09T16:08:45 IST" name="Suite" finished-at="2025-10-09T16:09:06 IST" duration-ms="21530">
    <groups>
    </groups>
    <test started-at="2025-10-09T16:08:45 IST" name="Test" finished-at="2025-10-09T16:09:06 IST" duration-ms="21530">
      <class name="maventest.demo.TestMvn">
        <test-method signature="sampleTest()[pri:0, instance:maventest.demo.TestMvn@7f1302d6]" started-at="2025-10-09T16:08:45 IST" name="sampleTest" finished-at="2025-10-09T16:09:06 IST" duration-ms="21320" status="PASS">
          <reporter-output>
          </reporter-output>
        </test-method> <!-- sampleTest -->
      </class> <!-- maventest.demo.TestMvn -->
    </test> <!-- Test -->
  </suite> <!-- Suite -->
</testng-results>
