<?xml version="1.0" encoding="UTF-8"?>
<testng-results ignored="0" total="1" passed="1" failed="0" skipped="0">
  <reporter-output>
  </reporter-output>
  <suite started-at="2025-09-25T09:48:30 IST" name="Default suite" finished-at="2025-09-25T09:48:57 IST" duration-ms="26138">
    <groups>
    </groups>
    <test started-at="2025-09-25T09:48:30 IST" name="Default test" finished-at="2025-09-25T09:48:57 IST" duration-ms="26138">
      <class name="Test.BrowserLaunch">
        <test-method signature="launchingBrowser()[pri:0, instance:Test.BrowserLaunch@4686afc2]" started-at="2025-09-25T09:48:31 IST" name="launchingBrowser" finished-at="2025-09-25T09:48:56 IST" duration-ms="25518" status="PASS">
          <reporter-output>
          </reporter-output>
        </test-method> <!-- launchingBrowser -->
      </class> <!-- Test.BrowserLaunch -->
    </test> <!-- Default test -->
  </suite> <!-- Default suite -->
</testng-results>
