<?xml version="1.0" encoding="UTF-8"?>
<testng-results ignored="0" total="1" passed="1" failed="0" skipped="0">
  <reporter-output>
  </reporter-output>
  <suite started-at="2024-08-07T15:28:07 IST" name="Suite" finished-at="2024-08-07T15:28:19 IST" duration-ms="11848">
    <groups>
    </groups>
    <test started-at="2024-08-07T15:28:07 IST" name="Test" finished-at="2024-08-07T15:28:19 IST" duration-ms="11848">
      <class name="maventest.demo.TestMvn">
        <test-method signature="sampleTest()[pri:0, instance:maventest.demo.TestMvn@6580cfdd]" started-at="2024-08-07T15:28:07 IST" name="sampleTest" finished-at="2024-08-07T15:28:19 IST" duration-ms="11701" status="PASS">
          <reporter-output>
          </reporter-output>
        </test-method> <!-- sampleTest -->
      </class> <!-- maventest.demo.TestMvn -->
    </test> <!-- Test -->
  </suite> <!-- Suite -->
</testng-results>
