<?xml version="1.0" encoding="UTF-8"?>
<testng-results ignored="0" total="1" passed="1" failed="0" skipped="0">
  <reporter-output>
  </reporter-output>
  <suite started-at="2025-07-30T23:05:44 IST" name="Suite" finished-at="2025-07-30T23:06:05 IST" duration-ms="21647">
    <groups>
    </groups>
    <test started-at="2025-07-30T23:05:44 IST" name="Test" finished-at="2025-07-30T23:06:05 IST" duration-ms="21647">
      <class name="ToDo.ParameterizationExample">
        <test-method is-config="true" signature="launchingWebsApplication(java.lang.String,int)[pri:0, instance:ToDo.ParameterizationExample@69e153c5]" started-at="2025-07-30T23:05:44 IST" name="launchingWebsApplication" finished-at="2025-07-30T23:06:05 IST" duration-ms="20956" status="PASS">
          <params>
            <param index="0">
              <value>
                <![CDATA[https://opensource-demo.orangehrmlive.com/web/index.php/auth/login]]>
              </value>
            </param>
            <param index="1">
              <value>
                <![CDATA[3000]]>
              </value>
            </param>
          </params>
          <reporter-output>
          </reporter-output>
        </test-method> <!-- launchingWebsApplication -->
        <test-method signature="enterCredential(java.lang.String,java.lang.String)[pri:0, instance:ToDo.ParameterizationExample@69e153c5]" started-at="2025-07-30T23:06:05 IST" name="enterCredential" finished-at="2025-07-30T23:06:05 IST" duration-ms="593" status="PASS">
          <params>
            <param index="0">
              <value>
                <![CDATA[Admin]]>
              </value>
            </param>
            <param index="1">
              <value>
                <![CDATA[admin123]]>
              </value>
            </param>
          </params>
          <reporter-output>
          </reporter-output>
        </test-method> <!-- enterCredential -->
      </class> <!-- ToDo.ParameterizationExample -->
    </test> <!-- Test -->
  </suite> <!-- Suite -->
</testng-results>
